<?xml version="1.0" encoding="UTF-8"?>
<!-- Generated by org.testng.reporters.JUnitReportReporter -->
<testsuite hostname="DESKTOP-G3L0C0N" failures="0" tests="6" name="Runner" time="36.135" errors="0" timestamp="2023-03-03T16:36:54 COT" skipped="1">
  <testcase classname="Runner" name="validateDatesByAscendingOrder" time="6.363"/>
  <system-out/>
  <testcase classname="Runner" name="validateActingTimeline" time="12.014"/>
  <system-out/>
  <testcase classname="Runner" name="verifyMovieGenreFilter" time="7.331"/>
  <system-out/>
  <testcase classname="Runner" name="successfulLoginTest" time="5.650"/>
  <system-out/>
  <testcase classname="Runner" name="successfulSearchTest" time="4.777"/>
  <system-out/>
  <testcase classname="Runner" name="unsuccessfulLoginTest">
    <skipped/>
  </testcase> <!-- unsuccessfulLoginTest -->
  <system-out/>
</testsuite> <!-- Runner -->
